  Mesh.cpp
  Generating code
  2 of 992 functions ( 0.2%) were compiled, the rest were copied from previous compilation.
    0 functions were new in current compilation
    5 functions had inline decision re-evaluated but remain unchanged
  Finished generating code
dx11effects.lib(d3dxGlobal.obj) : warning LNK4099: PDB 'Effects11.pdb' was not found with 'dx11effects.lib(d3dxGlobal.obj)' or at 'C:\Users\hemt1\OneDrive - Hogeschool West-Vlaanderen\Second Year\GraphicsProg_1\DualRasterizer\DualRasterizer_Gurung_Hemant\SOURCE\bin\Release\Effects11.pdb'; linking object as if no debug info
dx11effects.lib(EffectAPI.obj) : warning LNK4099: PDB 'Effects11.pdb' was not found with 'dx11effects.lib(EffectAPI.obj)' or at 'C:\Users\hemt1\OneDrive - Hogeschool West-Vlaanderen\Second Year\GraphicsProg_1\DualRasterizer\DualRasterizer_Gurung_Hemant\SOURCE\bin\Release\Effects11.pdb'; linking object as if no debug info
dx11effects.lib(EffectLoad.obj) : warning LNK4099: PDB 'Effects11.pdb' was not found with 'dx11effects.lib(EffectLoad.obj)' or at 'C:\Users\hemt1\OneDrive - Hogeschool West-Vlaanderen\Second Year\GraphicsProg_1\DualRasterizer\DualRasterizer_Gurung_Hemant\SOURCE\bin\Release\Effects11.pdb'; linking object as if no debug info
dx11effects.lib(EffectNonRuntime.obj) : warning LNK4099: PDB 'Effects11.pdb' was not found with 'dx11effects.lib(EffectNonRuntime.obj)' or at 'C:\Users\hemt1\OneDrive - Hogeschool West-Vlaanderen\Second Year\GraphicsProg_1\DualRasterizer\DualRasterizer_Gurung_Hemant\SOURCE\bin\Release\Effects11.pdb'; linking object as if no debug info
dx11effects.lib(EffectReflection.obj) : warning LNK4099: PDB 'Effects11.pdb' was not found with 'dx11effects.lib(EffectReflection.obj)' or at 'C:\Users\hemt1\OneDrive - Hogeschool West-Vlaanderen\Second Year\GraphicsProg_1\DualRasterizer\DualRasterizer_Gurung_Hemant\SOURCE\bin\Release\Effects11.pdb'; linking object as if no debug info
dx11effects.lib(EffectRuntime.obj) : warning LNK4099: PDB 'Effects11.pdb' was not found with 'dx11effects.lib(EffectRuntime.obj)' or at 'C:\Users\hemt1\OneDrive - Hogeschool West-Vlaanderen\Second Year\GraphicsProg_1\DualRasterizer\DualRasterizer_Gurung_Hemant\SOURCE\bin\Release\Effects11.pdb'; linking object as if no debug info
  directx.vcxproj -> C:\Users\hemt1\OneDrive - Hogeschool West-Vlaanderen\Second Year\GraphicsProg_1\DualRasterizer\DualRasterizer_Gurung_Hemant\SOURCE\bin\Release\directx.exe
  0 File(s) copied
  0 File(s) copied
  0 File(s) copied
  0 File(s) copied
  0 File(s) copied
  0 File(s) copied
  0 File(s) copied
