c:\users\hemt1\onedrive - hogeschool west-vlaanderen\second year\graphicsprog_1\dualrasterizer\dualrasterizer_gurung_hemant\source\source\tempfiles\release\directx.pch
c:\users\hemt1\onedrive - hogeschool west-vlaanderen\second year\graphicsprog_1\dualrasterizer\dualrasterizer_gurung_hemant\source\source\tempfiles\release\vc142.pdb
c:\users\hemt1\onedrive - hogeschool west-vlaanderen\second year\graphicsprog_1\dualrasterizer\dualrasterizer_gurung_hemant\source\source\tempfiles\release\pch.obj
c:\users\hemt1\onedrive - hogeschool west-vlaanderen\second year\graphicsprog_1\dualrasterizer\dualrasterizer_gurung_hemant\source\source\tempfiles\release\triangle.obj
c:\users\hemt1\onedrive - hogeschool west-vlaanderen\second year\graphicsprog_1\dualrasterizer\dualrasterizer_gurung_hemant\source\source\tempfiles\release\texture.obj
c:\users\hemt1\onedrive - hogeschool west-vlaanderen\second year\graphicsprog_1\dualrasterizer\dualrasterizer_gurung_hemant\source\source\tempfiles\release\meshfire.obj
c:\users\hemt1\onedrive - hogeschool west-vlaanderen\second year\graphicsprog_1\dualrasterizer\dualrasterizer_gurung_hemant\source\source\tempfiles\release\mesh.obj
c:\users\hemt1\onedrive - hogeschool west-vlaanderen\second year\graphicsprog_1\dualrasterizer\dualrasterizer_gurung_hemant\source\source\tempfiles\release\main.obj
c:\users\hemt1\onedrive - hogeschool west-vlaanderen\second year\graphicsprog_1\dualrasterizer\dualrasterizer_gurung_hemant\source\source\tempfiles\release\etimer.obj
c:\users\hemt1\onedrive - hogeschool west-vlaanderen\second year\graphicsprog_1\dualrasterizer\dualrasterizer_gurung_hemant\source\source\tempfiles\release\erenderer.obj
c:\users\hemt1\onedrive - hogeschool west-vlaanderen\second year\graphicsprog_1\dualrasterizer\dualrasterizer_gurung_hemant\source\source\tempfiles\release\effectfire.obj
c:\users\hemt1\onedrive - hogeschool west-vlaanderen\second year\graphicsprog_1\dualrasterizer\dualrasterizer_gurung_hemant\source\source\tempfiles\release\effect.obj
c:\users\hemt1\onedrive - hogeschool west-vlaanderen\second year\graphicsprog_1\dualrasterizer\dualrasterizer_gurung_hemant\source\source\tempfiles\release\ecamera.obj
c:\users\hemt1\onedrive - hogeschool west-vlaanderen\second year\graphicsprog_1\dualrasterizer\dualrasterizer_gurung_hemant\source\source\tempfiles\release\box.obj
c:\users\hemt1\onedrive - hogeschool west-vlaanderen\second year\graphicsprog_1\dualrasterizer\dualrasterizer_gurung_hemant\source\bin\release\directx.exe
c:\users\hemt1\onedrive - hogeschool west-vlaanderen\second year\graphicsprog_1\dualrasterizer\dualrasterizer_gurung_hemant\source\source\tempfiles\release\directx.ipdb
c:\users\hemt1\onedrive - hogeschool west-vlaanderen\second year\graphicsprog_1\dualrasterizer\dualrasterizer_gurung_hemant\source\source\tempfiles\release\directx.iobj
c:\users\hemt1\onedrive - hogeschool west-vlaanderen\second year\graphicsprog_1\dualrasterizer\dualrasterizer_gurung_hemant\source\bin\release\directx.pdb
c:\users\hemt1\onedrive - hogeschool west-vlaanderen\second year\graphicsprog_1\dualrasterizer\dualrasterizer_gurung_hemant\source\source\..\bin\release\directx.pdb
c:\users\hemt1\onedrive - hogeschool west-vlaanderen\second year\graphicsprog_1\dualrasterizer\dualrasterizer_gurung_hemant\source\source\tempfiles\release\directx.tlog\cl.command.1.tlog
c:\users\hemt1\onedrive - hogeschool west-vlaanderen\second year\graphicsprog_1\dualrasterizer\dualrasterizer_gurung_hemant\source\source\tempfiles\release\directx.tlog\cl.read.1.tlog
c:\users\hemt1\onedrive - hogeschool west-vlaanderen\second year\graphicsprog_1\dualrasterizer\dualrasterizer_gurung_hemant\source\source\tempfiles\release\directx.tlog\cl.write.1.tlog
c:\users\hemt1\onedrive - hogeschool west-vlaanderen\second year\graphicsprog_1\dualrasterizer\dualrasterizer_gurung_hemant\source\source\tempfiles\release\directx.tlog\link.command.1.tlog
c:\users\hemt1\onedrive - hogeschool west-vlaanderen\second year\graphicsprog_1\dualrasterizer\dualrasterizer_gurung_hemant\source\source\tempfiles\release\directx.tlog\link.read.1.tlog
c:\users\hemt1\onedrive - hogeschool west-vlaanderen\second year\graphicsprog_1\dualrasterizer\dualrasterizer_gurung_hemant\source\source\tempfiles\release\directx.tlog\link.write.1.tlog
